<?xml version="1.0" encoding="UTF-8"?>
<!-- Generated by org.testng.reporters.JUnitXMLReporter -->
<testsuite hostname="Laxman" ignored="4" name="Default test(failed)" tests="1" failures="1" timestamp="2023-10-16T13:04:40 IST" time="0.047" errors="0">
  <testcase name="a" time="0.0" classname="maven.NewTest">
    <failure type="org.testng.TestNGException" message="
Cannot inject @Test annotated Method [a] with [class java.lang.String, class java.lang.String].
For more information on native dependency injection please refer to https://testng.org/doc/documentation-main.html#native-dependency-injection">
      <![CDATA[org.testng.TestNGException: 
Cannot inject @Test annotated Method [a] with [class java.lang.String, class java.lang.String].
For more information on native dependency injection please refer to https://testng.org/doc/documentation-main.html#native-dependency-injection
at java.util.ArrayList.forEach(ArrayList.java:1249)
... Removed 26 stack frames]]>
    </failure>
  </testcase> <!-- a -->
  <testcase name="b" time="0.0" classname="maven.NewTest">
    <ignored/>
  </testcase> <!-- b -->
  <testcase name="c" time="0.0" classname="maven.NewTest">
    <ignored/>
  </testcase> <!-- c -->
  <testcase name="d" time="0.0" classname="maven.NewTest">
    <ignored/>
  </testcase> <!-- d -->
  <testcase name="e" time="0.0" classname="maven.NewTest">
    <ignored/>
  </testcase> <!-- e -->
</testsuite> <!-- Default test(failed) -->
