<?xml version="1.0" encoding="UTF-8"?>
<!-- Generated by org.testng.reporters.JUnitXMLReporter -->
<testsuite hostname="Laxman" ignored="0" name="Test" tests="5" failures="0" timestamp="2023-10-16T19:31:44 IST" time="0.067" errors="0">
  <testcase name="a" time="0.0" classname="maven.NewTest"/>
  <testcase name="b" time="0.0" classname="maven.NewTest"/>
  <testcase name="c" time="0.0" classname="maven.NewTest"/>
  <testcase name="d" time="0.0" classname="maven.NewTest"/>
  <testcase name="e" time="0.004" classname="maven.NewTest"/>
</testsuite> <!-- Test -->
